c:\users\student\documents\visual studio 2015\projects\3dgame_11.08_ver_01\release\vc140.pdb
c:\users\student\documents\visual studio 2015\projects\3dgame_11.08_ver_01\release\dungeon_room_director.obj
c:\users\student\documents\visual studio 2015\projects\3dgame_11.08_ver_01\release\dungeon_room.obj
c:\users\student\documents\visual studio 2015\projects\3dgame_11.08_ver_01\release\dungeon_road_builder.obj
c:\users\student\documents\visual studio 2015\projects\3dgame_11.08_ver_01\release\dungeon_enemy_road_builder.obj
c:\users\student\documents\visual studio 2015\projects\3dgame_11.08_ver_01\release\dungeon_end_road_builder.obj
c:\users\student\documents\visual studio 2015\projects\3dgame_11.08_ver_01\release\dungeon_check_road_builder.obj
c:\users\student\documents\visual studio 2015\projects\3dgame_11.08_ver_01\release\dungeon_boss_road_builder.obj
c:\users\student\documents\visual studio 2015\projects\3dgame_11.08_ver_01\release\control_ui_subtract_alpha.obj
c:\users\student\documents\visual studio 2015\projects\3dgame_11.08_ver_01\release\control_effect_thunder.obj
c:\users\student\documents\visual studio 2015\projects\3dgame_11.08_ver_01\release\control_effect_hit.obj
c:\users\student\documents\visual studio 2015\projects\3dgame_11.08_ver_01\release\control_effect_guard.obj
c:\users\student\documents\visual studio 2015\projects\3dgame_11.08_ver_01\release\control_effect_flash.obj
c:\users\student\documents\visual studio 2015\projects\3dgame_11.08_ver_01\release\control_effect_fire.obj
c:\users\student\documents\visual studio 2015\projects\3dgame_11.08_ver_01\release\control_effect_explosion.obj
c:\users\student\documents\visual studio 2015\projects\3dgame_11.08_ver_01\release\control_effect_check.obj
c:\users\student\documents\visual studio 2015\projects\3dgame_11.08_ver_01\release\control.obj
c:\users\student\documents\visual studio 2015\projects\3dgame_11.08_ver_01\release\check_circle.obj
c:\users\student\documents\visual studio 2015\projects\3dgame_11.08_ver_01\release\camera.obj
c:\users\student\documents\visual studio 2015\projects\3dgame_11.08_ver_01\release\bullet_enemy.obj
c:\users\student\documents\visual studio 2015\projects\3dgame_11.08_ver_01\release\billboard.obj
c:\users\student\documents\visual studio 2015\projects\3dgame_11.08_ver_01\release\input_mouse.obj
c:\users\student\documents\visual studio 2015\projects\3dgame_11.08_ver_01\release\input_keyboard.obj
c:\users\student\documents\visual studio 2015\projects\3dgame_11.08_ver_01\release\input.obj
c:\users\student\documents\visual studio 2015\projects\3dgame_11.08_ver_01\release\guard_effect.obj
c:\users\student\documents\visual studio 2015\projects\3dgame_11.08_ver_01\release\gauge.obj
c:\users\student\documents\visual studio 2015\projects\3dgame_11.08_ver_01\release\game03.obj
c:\users\student\documents\visual studio 2015\projects\3dgame_11.08_ver_01\release\game02.obj
c:\users\student\documents\visual studio 2015\projects\3dgame_11.08_ver_01\release\game01.obj
c:\users\student\documents\visual studio 2015\projects\3dgame_11.08_ver_01\release\floor.obj
c:\users\student\documents\visual studio 2015\projects\3dgame_11.08_ver_01\release\fire_ball.obj
c:\users\student\documents\visual studio 2015\projects\3dgame_11.08_ver_01\release\fade.obj
c:\users\student\documents\visual studio 2015\projects\3dgame_11.08_ver_01\release\explosion.obj
c:\users\student\documents\visual studio 2015\projects\3dgame_11.08_ver_01\release\exclamation_mark.obj
c:\users\student\documents\visual studio 2015\projects\3dgame_11.08_ver_01\release\enemy_fat.obj
c:\users\student\documents\visual studio 2015\projects\3dgame_11.08_ver_01\release\enemy_boss.obj
c:\users\student\documents\visual studio 2015\projects\3dgame_11.08_ver_01\release\enemy_bee.obj
c:\users\student\documents\visual studio 2015\projects\3dgame_11.08_ver_01\release\enemy.obj
c:\users\student\documents\visual studio 2015\projects\3dgame_11.08_ver_01\release\effect3d.obj
c:\users\student\documents\visual studio 2015\projects\3dgame_11.08_ver_01\release\dungeon_wall_builder.obj
c:\users\student\documents\visual studio 2015\projects\3dgame_11.08_ver_01\release\dungeon_start_road_builder.obj
c:\users\student\documents\visual studio 2015\projects\3dgame_11.08_ver_01\release\motion_road.obj
c:\users\student\documents\visual studio 2015\projects\3dgame_11.08_ver_01\release\motion_player.obj
c:\users\student\documents\visual studio 2015\projects\3dgame_11.08_ver_01\release\motion_enemy_fat.obj
c:\users\student\documents\visual studio 2015\projects\3dgame_11.08_ver_01\release\motion_enemy_boss.obj
c:\users\student\documents\visual studio 2015\projects\3dgame_11.08_ver_01\release\motion_enemy_bee.obj
c:\users\student\documents\visual studio 2015\projects\3dgame_11.08_ver_01\release\model_single.obj
c:\users\student\documents\visual studio 2015\projects\3dgame_11.08_ver_01\release\model.obj
c:\users\student\documents\visual studio 2015\projects\3dgame_11.08_ver_01\release\meshsphere.obj
c:\users\student\documents\visual studio 2015\projects\3dgame_11.08_ver_01\release\mesh_trajectory.obj
c:\users\student\documents\visual studio 2015\projects\3dgame_11.08_ver_01\release\meshfield.obj
c:\users\student\documents\visual studio 2015\projects\3dgame_11.08_ver_01\release\menu.obj
c:\users\student\documents\visual studio 2015\projects\3dgame_11.08_ver_01\release\map.obj
c:\users\student\documents\visual studio 2015\projects\3dgame_11.08_ver_01\release\manager.obj
c:\users\student\documents\visual studio 2015\projects\3dgame_11.08_ver_01\release\main.obj
c:\users\student\documents\visual studio 2015\projects\3dgame_11.08_ver_01\release\magic_thunder.obj
c:\users\student\documents\visual studio 2015\projects\3dgame_11.08_ver_01\release\magic_fire.obj
c:\users\student\documents\visual studio 2015\projects\3dgame_11.08_ver_01\release\magic_circle.obj
c:\users\student\documents\visual studio 2015\projects\3dgame_11.08_ver_01\release\light.obj
c:\users\student\documents\visual studio 2015\projects\3dgame_11.08_ver_01\release\input_pad_x.obj
c:\users\student\documents\visual studio 2015\projects\3dgame_11.08_ver_01\release\input_pad_d.obj
c:\users\student\documents\visual studio 2015\projects\3dgame_11.08_ver_01\release\title.obj
c:\users\student\documents\visual studio 2015\projects\3dgame_11.08_ver_01\release\time.obj
c:\users\student\documents\visual studio 2015\projects\3dgame_11.08_ver_01\release\texture.obj
c:\users\student\documents\visual studio 2015\projects\3dgame_11.08_ver_01\release\state_player_nomal.obj
c:\users\student\documents\visual studio 2015\projects\3dgame_11.08_ver_01\release\state_player.obj
c:\users\student\documents\visual studio 2015\projects\3dgame_11.08_ver_01\release\spark.obj
c:\users\student\documents\visual studio 2015\projects\3dgame_11.08_ver_01\release\sound.obj
c:\users\student\documents\visual studio 2015\projects\3dgame_11.08_ver_01\release\shadow.obj
c:\users\student\documents\visual studio 2015\projects\3dgame_11.08_ver_01\release\score.obj
c:\users\student\documents\visual studio 2015\projects\3dgame_11.08_ver_01\release\dungeon_room_builder.obj
c:\users\student\documents\visual studio 2015\projects\3dgame_11.08_ver_01\release\object2d.obj
c:\users\student\documents\visual studio 2015\projects\3dgame_11.08_ver_01\release\result.obj
c:\users\student\documents\visual studio 2015\projects\3dgame_11.08_ver_01\release\object3d.obj
c:\users\student\documents\visual studio 2015\projects\3dgame_11.08_ver_01\release\object.obj
c:\users\student\documents\visual studio 2015\projects\3dgame_11.08_ver_01\release\renderer.obj
c:\users\student\documents\visual studio 2015\projects\3dgame_11.08_ver_01\release\ranking.obj
c:\users\student\documents\visual studio 2015\projects\3dgame_11.08_ver_01\release\play_data.obj
c:\users\student\documents\visual studio 2015\projects\3dgame_11.08_ver_01\release\player.obj
c:\users\student\documents\visual studio 2015\projects\3dgame_11.08_ver_01\release\pause.obj
c:\users\student\documents\visual studio 2015\projects\3dgame_11.08_ver_01\release\number.obj
c:\users\student\documents\visual studio 2015\projects\3dgame_11.08_ver_01\release\x_load.obj
c:\users\student\documents\visual studio 2015\projects\3dgame_11.08_ver_01\release\warp_circle.obj
c:\users\student\documents\visual studio 2015\projects\3dgame_11.08_ver_01\release\ui.obj
c:\users\student\documents\visual studio 2015\projects\3dgame_11.08_ver_01\release\tutorial.obj
c:\users\student\documents\visual studio 2015\projects\3dgame_11.08_ver_01\release\3dgame_11.08_ver_00.exe
c:\users\student\documents\visual studio 2015\projects\3dgame_11.08_ver_01\release\3dgame_11.08_ver_00.ipdb
c:\users\student\documents\visual studio 2015\projects\3dgame_11.08_ver_01\release\3dgame_11.08_ver_00.iobj
c:\users\student\documents\visual studio 2015\projects\3dgame_11.08_ver_01\release\3dgame_11.08_ver_00.pdb
c:\users\student\desktop\就職提出作品\hero of dungeon_game008\sourcecode\release\billboard.obj
c:\users\student\desktop\就職提出作品\hero of dungeon_game008\sourcecode\release\bullet_enemy.obj
c:\users\student\desktop\就職提出作品\hero of dungeon_game008\sourcecode\release\camera.obj
c:\users\student\desktop\就職提出作品\hero of dungeon_game008\sourcecode\release\check_circle.obj
c:\users\student\desktop\就職提出作品\hero of dungeon_game008\sourcecode\release\control.obj
c:\users\student\desktop\就職提出作品\hero of dungeon_game008\sourcecode\release\control_effect_check.obj
c:\users\student\desktop\就職提出作品\hero of dungeon_game008\sourcecode\release\control_effect_explosion.obj
c:\users\student\desktop\就職提出作品\hero of dungeon_game008\sourcecode\release\control_effect_fire.obj
c:\users\student\desktop\就職提出作品\hero of dungeon_game008\sourcecode\release\control_effect_flash.obj
c:\users\student\desktop\就職提出作品\hero of dungeon_game008\sourcecode\release\control_effect_guard.obj
c:\users\student\desktop\就職提出作品\hero of dungeon_game008\sourcecode\release\control_effect_hit.obj
c:\users\student\desktop\就職提出作品\hero of dungeon_game008\sourcecode\release\control_effect_thunder.obj
c:\users\student\desktop\就職提出作品\hero of dungeon_game008\sourcecode\release\control_ui_subtract_alpha.obj
c:\users\student\desktop\就職提出作品\hero of dungeon_game008\sourcecode\release\dungeon_boss_road_builder.obj
c:\users\student\desktop\就職提出作品\hero of dungeon_game008\sourcecode\release\dungeon_check_road_builder.obj
c:\users\student\desktop\就職提出作品\hero of dungeon_game008\sourcecode\release\dungeon_end_road_builder.obj
c:\users\student\desktop\就職提出作品\hero of dungeon_game008\sourcecode\release\dungeon_enemy_road_builder.obj
c:\users\student\desktop\就職提出作品\hero of dungeon_game008\sourcecode\release\dungeon_road_builder.obj
c:\users\student\desktop\就職提出作品\hero of dungeon_game008\sourcecode\release\dungeon_room.obj
c:\users\student\desktop\就職提出作品\hero of dungeon_game008\sourcecode\release\dungeon_room_builder.obj
c:\users\student\desktop\就職提出作品\hero of dungeon_game008\sourcecode\release\dungeon_room_director.obj
c:\users\student\desktop\就職提出作品\hero of dungeon_game008\sourcecode\release\dungeon_start_road_builder.obj
c:\users\student\desktop\就職提出作品\hero of dungeon_game008\sourcecode\release\dungeon_wall_builder.obj
c:\users\student\desktop\就職提出作品\hero of dungeon_game008\sourcecode\release\effect3d.obj
c:\users\student\desktop\就職提出作品\hero of dungeon_game008\sourcecode\release\enemy.obj
c:\users\student\desktop\就職提出作品\hero of dungeon_game008\sourcecode\release\enemy_bee.obj
c:\users\student\desktop\就職提出作品\hero of dungeon_game008\sourcecode\release\enemy_boss.obj
c:\users\student\desktop\就職提出作品\hero of dungeon_game008\sourcecode\release\enemy_fat.obj
c:\users\student\desktop\就職提出作品\hero of dungeon_game008\sourcecode\release\exclamation_mark.obj
c:\users\student\desktop\就職提出作品\hero of dungeon_game008\sourcecode\release\explosion.obj
c:\users\student\desktop\就職提出作品\hero of dungeon_game008\sourcecode\release\fade.obj
c:\users\student\desktop\就職提出作品\hero of dungeon_game008\sourcecode\release\fire_ball.obj
c:\users\student\desktop\就職提出作品\hero of dungeon_game008\sourcecode\release\floor.obj
c:\users\student\desktop\就職提出作品\hero of dungeon_game008\sourcecode\release\game01.obj
c:\users\student\desktop\就職提出作品\hero of dungeon_game008\sourcecode\release\game02.obj
c:\users\student\desktop\就職提出作品\hero of dungeon_game008\sourcecode\release\game03.obj
c:\users\student\desktop\就職提出作品\hero of dungeon_game008\sourcecode\release\gauge.obj
c:\users\student\desktop\就職提出作品\hero of dungeon_game008\sourcecode\release\guard_effect.obj
c:\users\student\desktop\就職提出作品\hero of dungeon_game008\sourcecode\release\input.obj
c:\users\student\desktop\就職提出作品\hero of dungeon_game008\sourcecode\release\input_keyboard.obj
c:\users\student\desktop\就職提出作品\hero of dungeon_game008\sourcecode\release\input_mouse.obj
c:\users\student\desktop\就職提出作品\hero of dungeon_game008\sourcecode\release\input_pad_d.obj
c:\users\student\desktop\就職提出作品\hero of dungeon_game008\sourcecode\release\input_pad_x.obj
c:\users\student\desktop\就職提出作品\hero of dungeon_game008\sourcecode\release\light.obj
c:\users\student\desktop\就職提出作品\hero of dungeon_game008\sourcecode\release\magic_circle.obj
c:\users\student\desktop\就職提出作品\hero of dungeon_game008\sourcecode\release\magic_fire.obj
c:\users\student\desktop\就職提出作品\hero of dungeon_game008\sourcecode\release\magic_thunder.obj
c:\users\student\desktop\就職提出作品\hero of dungeon_game008\sourcecode\release\main.obj
c:\users\student\desktop\就職提出作品\hero of dungeon_game008\sourcecode\release\manager.obj
c:\users\student\desktop\就職提出作品\hero of dungeon_game008\sourcecode\release\map.obj
c:\users\student\desktop\就職提出作品\hero of dungeon_game008\sourcecode\release\menu.obj
c:\users\student\desktop\就職提出作品\hero of dungeon_game008\sourcecode\release\meshfield.obj
c:\users\student\desktop\就職提出作品\hero of dungeon_game008\sourcecode\release\meshsphere.obj
c:\users\student\desktop\就職提出作品\hero of dungeon_game008\sourcecode\release\mesh_trajectory.obj
c:\users\student\desktop\就職提出作品\hero of dungeon_game008\sourcecode\release\model.obj
c:\users\student\desktop\就職提出作品\hero of dungeon_game008\sourcecode\release\model_single.obj
c:\users\student\desktop\就職提出作品\hero of dungeon_game008\sourcecode\release\motion_enemy_bee.obj
c:\users\student\desktop\就職提出作品\hero of dungeon_game008\sourcecode\release\motion_enemy_boss.obj
c:\users\student\desktop\就職提出作品\hero of dungeon_game008\sourcecode\release\motion_enemy_fat.obj
c:\users\student\desktop\就職提出作品\hero of dungeon_game008\sourcecode\release\motion_player.obj
c:\users\student\desktop\就職提出作品\hero of dungeon_game008\sourcecode\release\motion_road.obj
c:\users\student\desktop\就職提出作品\hero of dungeon_game008\sourcecode\release\number.obj
c:\users\student\desktop\就職提出作品\hero of dungeon_game008\sourcecode\release\object.obj
c:\users\student\desktop\就職提出作品\hero of dungeon_game008\sourcecode\release\object2d.obj
c:\users\student\desktop\就職提出作品\hero of dungeon_game008\sourcecode\release\object3d.obj
c:\users\student\desktop\就職提出作品\hero of dungeon_game008\sourcecode\release\pause.obj
c:\users\student\desktop\就職提出作品\hero of dungeon_game008\sourcecode\release\player.obj
c:\users\student\desktop\就職提出作品\hero of dungeon_game008\sourcecode\release\play_data.obj
c:\users\student\desktop\就職提出作品\hero of dungeon_game008\sourcecode\release\ranking.obj
c:\users\student\desktop\就職提出作品\hero of dungeon_game008\sourcecode\release\renderer.obj
c:\users\student\desktop\就職提出作品\hero of dungeon_game008\sourcecode\release\result.obj
c:\users\student\desktop\就職提出作品\hero of dungeon_game008\sourcecode\release\score.obj
c:\users\student\desktop\就職提出作品\hero of dungeon_game008\sourcecode\release\shadow.obj
c:\users\student\desktop\就職提出作品\hero of dungeon_game008\sourcecode\release\sound.obj
c:\users\student\desktop\就職提出作品\hero of dungeon_game008\sourcecode\release\spark.obj
c:\users\student\desktop\就職提出作品\hero of dungeon_game008\sourcecode\release\state_player.obj
c:\users\student\desktop\就職提出作品\hero of dungeon_game008\sourcecode\release\state_player_nomal.obj
c:\users\student\desktop\就職提出作品\hero of dungeon_game008\sourcecode\release\texture.obj
c:\users\student\desktop\就職提出作品\hero of dungeon_game008\sourcecode\release\time.obj
c:\users\student\desktop\就職提出作品\hero of dungeon_game008\sourcecode\release\title.obj
c:\users\student\desktop\就職提出作品\hero of dungeon_game008\sourcecode\release\tutorial.obj
c:\users\student\desktop\就職提出作品\hero of dungeon_game008\sourcecode\release\ui.obj
c:\users\student\desktop\就職提出作品\hero of dungeon_game008\sourcecode\release\warp_circle.obj
c:\users\student\desktop\就職提出作品\hero of dungeon_game008\sourcecode\release\x_load.obj
c:\users\student\desktop\就職提出作品\hero of dungeon_game008\sourcecode\release\3dgame_11.08_ver_00.ipdb
c:\users\student\desktop\就職提出作品\hero of dungeon_game008\sourcecode\release\3dgame_11.08_ver_00.iobj
c:\users\student\desktop\就職提出作品\hero of dungeon_game008\sourcecode\release\3dgame_11.08_ver_00.pdb
c:\users\student\desktop\就職提出作品\hero of dungeon_game008\sourcecode\release\vc140.pdb
c:\users\student\desktop\就職提出作品\hero of dungeon_game008\sourcecode\release\3dgame_11.08_ver_00.exe
c:\users\student\desktop\就職提出作品\hero of dungeon_game008\sourcecode\release\3dgame_1.087522fe.tlog\cl.command.1.tlog
c:\users\student\desktop\就職提出作品\hero of dungeon_game008\sourcecode\release\3dgame_1.087522fe.tlog\cl.read.1.tlog
c:\users\student\desktop\就職提出作品\hero of dungeon_game008\sourcecode\release\3dgame_1.087522fe.tlog\cl.write.1.tlog
c:\users\student\desktop\就職提出作品\hero of dungeon_game008\sourcecode\release\3dgame_1.087522fe.tlog\link.command.1.tlog
c:\users\student\desktop\就職提出作品\hero of dungeon_game008\sourcecode\release\3dgame_1.087522fe.tlog\link.read.1.tlog
c:\users\student\desktop\就職提出作品\hero of dungeon_game008\sourcecode\release\3dgame_1.087522fe.tlog\link.write.1.tlog
