c:\users\student\documents\visual studio 2015\projects\3dgame_11.08_ver_01\debug\vc140.pdb
c:\users\student\documents\visual studio 2015\projects\3dgame_11.08_ver_01\debug\vc140.idb
c:\users\student\documents\visual studio 2015\projects\3dgame_11.08_ver_01\debug\ranking.obj
c:\users\student\documents\visual studio 2015\projects\3dgame_11.08_ver_01\debug\renderer.obj
c:\users\student\documents\visual studio 2015\projects\3dgame_11.08_ver_01\debug\object.obj
c:\users\student\documents\visual studio 2015\projects\3dgame_11.08_ver_01\debug\object3d.obj
c:\users\student\documents\visual studio 2015\projects\3dgame_11.08_ver_01\debug\result.obj
c:\users\student\documents\visual studio 2015\projects\3dgame_11.08_ver_01\debug\object2d.obj
c:\users\student\documents\visual studio 2015\projects\3dgame_11.08_ver_01\debug\dungeon_room_builder.obj
c:\users\student\documents\visual studio 2015\projects\3dgame_11.08_ver_01\debug\score.obj
c:\users\student\documents\visual studio 2015\projects\3dgame_11.08_ver_01\debug\shadow.obj
c:\users\student\documents\visual studio 2015\projects\3dgame_11.08_ver_01\debug\sound.obj
c:\users\student\documents\visual studio 2015\projects\3dgame_11.08_ver_01\debug\spark.obj
c:\users\student\documents\visual studio 2015\projects\3dgame_11.08_ver_01\debug\state_player.obj
c:\users\student\documents\visual studio 2015\projects\3dgame_11.08_ver_01\debug\state_player_nomal.obj
c:\users\student\documents\visual studio 2015\projects\3dgame_11.08_ver_01\debug\texture.obj
c:\users\student\documents\visual studio 2015\projects\3dgame_11.08_ver_01\debug\time.obj
c:\users\student\documents\visual studio 2015\projects\3dgame_11.08_ver_01\debug\title.obj
c:\users\student\documents\visual studio 2015\projects\3dgame_11.08_ver_01\debug\tutorial.obj
c:\users\student\documents\visual studio 2015\projects\3dgame_11.08_ver_01\debug\ui.obj
c:\users\student\documents\visual studio 2015\projects\3dgame_11.08_ver_01\debug\warp_circle.obj
c:\users\student\documents\visual studio 2015\projects\3dgame_11.08_ver_01\debug\x_load.obj
c:\users\student\documents\visual studio 2015\projects\3dgame_11.08_ver_01\debug\magic_fire.obj
c:\users\student\documents\visual studio 2015\projects\3dgame_11.08_ver_01\debug\magic_thunder.obj
c:\users\student\documents\visual studio 2015\projects\3dgame_11.08_ver_01\debug\main.obj
c:\users\student\documents\visual studio 2015\projects\3dgame_11.08_ver_01\debug\manager.obj
c:\users\student\documents\visual studio 2015\projects\3dgame_11.08_ver_01\debug\map.obj
c:\users\student\documents\visual studio 2015\projects\3dgame_11.08_ver_01\debug\menu.obj
c:\users\student\documents\visual studio 2015\projects\3dgame_11.08_ver_01\debug\meshfield.obj
c:\users\student\documents\visual studio 2015\projects\3dgame_11.08_ver_01\debug\mesh_trajectory.obj
c:\users\student\documents\visual studio 2015\projects\3dgame_11.08_ver_01\debug\meshsphere.obj
c:\users\student\documents\visual studio 2015\projects\3dgame_11.08_ver_01\debug\model.obj
c:\users\student\documents\visual studio 2015\projects\3dgame_11.08_ver_01\debug\model_single.obj
c:\users\student\documents\visual studio 2015\projects\3dgame_11.08_ver_01\debug\motion_enemy_bee.obj
c:\users\student\documents\visual studio 2015\projects\3dgame_11.08_ver_01\debug\motion_enemy_boss.obj
c:\users\student\documents\visual studio 2015\projects\3dgame_11.08_ver_01\debug\motion_enemy_fat.obj
c:\users\student\documents\visual studio 2015\projects\3dgame_11.08_ver_01\debug\motion_player.obj
c:\users\student\documents\visual studio 2015\projects\3dgame_11.08_ver_01\debug\motion_road.obj
c:\users\student\documents\visual studio 2015\projects\3dgame_11.08_ver_01\debug\number.obj
c:\users\student\documents\visual studio 2015\projects\3dgame_11.08_ver_01\debug\pause.obj
c:\users\student\documents\visual studio 2015\projects\3dgame_11.08_ver_01\debug\player.obj
c:\users\student\documents\visual studio 2015\projects\3dgame_11.08_ver_01\debug\play_data.obj
c:\users\student\documents\visual studio 2015\projects\3dgame_11.08_ver_01\debug\enemy_bee.obj
c:\users\student\documents\visual studio 2015\projects\3dgame_11.08_ver_01\debug\enemy_boss.obj
c:\users\student\documents\visual studio 2015\projects\3dgame_11.08_ver_01\debug\enemy_fat.obj
c:\users\student\documents\visual studio 2015\projects\3dgame_11.08_ver_01\debug\exclamation_mark.obj
c:\users\student\documents\visual studio 2015\projects\3dgame_11.08_ver_01\debug\explosion.obj
c:\users\student\documents\visual studio 2015\projects\3dgame_11.08_ver_01\debug\fade.obj
c:\users\student\documents\visual studio 2015\projects\3dgame_11.08_ver_01\debug\fire_ball.obj
c:\users\student\documents\visual studio 2015\projects\3dgame_11.08_ver_01\debug\floor.obj
c:\users\student\documents\visual studio 2015\projects\3dgame_11.08_ver_01\debug\game01.obj
c:\users\student\documents\visual studio 2015\projects\3dgame_11.08_ver_01\debug\game02.obj
c:\users\student\documents\visual studio 2015\projects\3dgame_11.08_ver_01\debug\game03.obj
c:\users\student\documents\visual studio 2015\projects\3dgame_11.08_ver_01\debug\gauge.obj
c:\users\student\documents\visual studio 2015\projects\3dgame_11.08_ver_01\debug\guard_effect.obj
c:\users\student\documents\visual studio 2015\projects\3dgame_11.08_ver_01\debug\input.obj
c:\users\student\documents\visual studio 2015\projects\3dgame_11.08_ver_01\debug\input_keyboard.obj
c:\users\student\documents\visual studio 2015\projects\3dgame_11.08_ver_01\debug\input_mouse.obj
c:\users\student\documents\visual studio 2015\projects\3dgame_11.08_ver_01\debug\input_pad_d.obj
c:\users\student\documents\visual studio 2015\projects\3dgame_11.08_ver_01\debug\input_pad_x.obj
c:\users\student\documents\visual studio 2015\projects\3dgame_11.08_ver_01\debug\light.obj
c:\users\student\documents\visual studio 2015\projects\3dgame_11.08_ver_01\debug\magic_circle.obj
c:\users\student\documents\visual studio 2015\projects\3dgame_11.08_ver_01\debug\control.obj
c:\users\student\documents\visual studio 2015\projects\3dgame_11.08_ver_01\debug\control_effect_check.obj
c:\users\student\documents\visual studio 2015\projects\3dgame_11.08_ver_01\debug\control_effect_explosion.obj
c:\users\student\documents\visual studio 2015\projects\3dgame_11.08_ver_01\debug\control_effect_fire.obj
c:\users\student\documents\visual studio 2015\projects\3dgame_11.08_ver_01\debug\control_effect_flash.obj
c:\users\student\documents\visual studio 2015\projects\3dgame_11.08_ver_01\debug\control_effect_guard.obj
c:\users\student\documents\visual studio 2015\projects\3dgame_11.08_ver_01\debug\control_effect_hit.obj
c:\users\student\documents\visual studio 2015\projects\3dgame_11.08_ver_01\debug\control_effect_thunder.obj
c:\users\student\documents\visual studio 2015\projects\3dgame_11.08_ver_01\debug\control_ui_subtract_alpha.obj
c:\users\student\documents\visual studio 2015\projects\3dgame_11.08_ver_01\debug\dungeon_boss_road_builder.obj
c:\users\student\documents\visual studio 2015\projects\3dgame_11.08_ver_01\debug\dungeon_check_road_builder.obj
c:\users\student\documents\visual studio 2015\projects\3dgame_11.08_ver_01\debug\dungeon_end_road_builder.obj
c:\users\student\documents\visual studio 2015\projects\3dgame_11.08_ver_01\debug\dungeon_enemy_road_builder.obj
c:\users\student\documents\visual studio 2015\projects\3dgame_11.08_ver_01\debug\dungeon_road_builder.obj
c:\users\student\documents\visual studio 2015\projects\3dgame_11.08_ver_01\debug\dungeon_room.obj
c:\users\student\documents\visual studio 2015\projects\3dgame_11.08_ver_01\debug\dungeon_room_director.obj
c:\users\student\documents\visual studio 2015\projects\3dgame_11.08_ver_01\debug\dungeon_start_road_builder.obj
c:\users\student\documents\visual studio 2015\projects\3dgame_11.08_ver_01\debug\dungeon_wall_builder.obj
c:\users\student\documents\visual studio 2015\projects\3dgame_11.08_ver_01\debug\effect3d.obj
c:\users\student\documents\visual studio 2015\projects\3dgame_11.08_ver_01\debug\enemy.obj
c:\users\student\documents\visual studio 2015\projects\3dgame_11.08_ver_01\debug\billboard.obj
c:\users\student\documents\visual studio 2015\projects\3dgame_11.08_ver_01\debug\bullet_enemy.obj
c:\users\student\documents\visual studio 2015\projects\3dgame_11.08_ver_01\debug\camera.obj
c:\users\student\documents\visual studio 2015\projects\3dgame_11.08_ver_01\debug\check_circle.obj
c:\users\student\documents\visual studio 2015\projects\3dgame_11.08_ver_01\debug\3dgame_11.08_ver_00.ilk
c:\users\student\documents\visual studio 2015\projects\3dgame_11.08_ver_01\debug\3dgame_11.08_ver_00.exe
c:\users\student\documents\visual studio 2015\projects\3dgame_11.08_ver_01\debug\3dgame_11.08_ver_00.pdb
c:\users\student\desktop\就職提出作品\hero of dungeon_game008\sourcecode\debug\billboard.obj
c:\users\student\desktop\就職提出作品\hero of dungeon_game008\sourcecode\debug\bullet_enemy.obj
c:\users\student\desktop\就職提出作品\hero of dungeon_game008\sourcecode\debug\camera.obj
c:\users\student\desktop\就職提出作品\hero of dungeon_game008\sourcecode\debug\check_circle.obj
c:\users\student\desktop\就職提出作品\hero of dungeon_game008\sourcecode\debug\control.obj
c:\users\student\desktop\就職提出作品\hero of dungeon_game008\sourcecode\debug\control_effect_check.obj
c:\users\student\desktop\就職提出作品\hero of dungeon_game008\sourcecode\debug\control_effect_explosion.obj
c:\users\student\desktop\就職提出作品\hero of dungeon_game008\sourcecode\debug\control_effect_fire.obj
c:\users\student\desktop\就職提出作品\hero of dungeon_game008\sourcecode\debug\control_effect_flash.obj
c:\users\student\desktop\就職提出作品\hero of dungeon_game008\sourcecode\debug\control_effect_guard.obj
c:\users\student\desktop\就職提出作品\hero of dungeon_game008\sourcecode\debug\control_effect_hit.obj
c:\users\student\desktop\就職提出作品\hero of dungeon_game008\sourcecode\debug\control_effect_thunder.obj
c:\users\student\desktop\就職提出作品\hero of dungeon_game008\sourcecode\debug\control_ui_subtract_alpha.obj
c:\users\student\desktop\就職提出作品\hero of dungeon_game008\sourcecode\debug\dungeon_boss_road_builder.obj
c:\users\student\desktop\就職提出作品\hero of dungeon_game008\sourcecode\debug\dungeon_check_road_builder.obj
c:\users\student\desktop\就職提出作品\hero of dungeon_game008\sourcecode\debug\dungeon_end_road_builder.obj
c:\users\student\desktop\就職提出作品\hero of dungeon_game008\sourcecode\debug\dungeon_enemy_road_builder.obj
c:\users\student\desktop\就職提出作品\hero of dungeon_game008\sourcecode\debug\dungeon_road_builder.obj
c:\users\student\desktop\就職提出作品\hero of dungeon_game008\sourcecode\debug\dungeon_room.obj
c:\users\student\desktop\就職提出作品\hero of dungeon_game008\sourcecode\debug\dungeon_room_builder.obj
c:\users\student\desktop\就職提出作品\hero of dungeon_game008\sourcecode\debug\dungeon_room_director.obj
c:\users\student\desktop\就職提出作品\hero of dungeon_game008\sourcecode\debug\dungeon_start_road_builder.obj
c:\users\student\desktop\就職提出作品\hero of dungeon_game008\sourcecode\debug\dungeon_wall_builder.obj
c:\users\student\desktop\就職提出作品\hero of dungeon_game008\sourcecode\debug\effect3d.obj
c:\users\student\desktop\就職提出作品\hero of dungeon_game008\sourcecode\debug\enemy.obj
c:\users\student\desktop\就職提出作品\hero of dungeon_game008\sourcecode\debug\enemy_bee.obj
c:\users\student\desktop\就職提出作品\hero of dungeon_game008\sourcecode\debug\enemy_boss.obj
c:\users\student\desktop\就職提出作品\hero of dungeon_game008\sourcecode\debug\enemy_fat.obj
c:\users\student\desktop\就職提出作品\hero of dungeon_game008\sourcecode\debug\exclamation_mark.obj
c:\users\student\desktop\就職提出作品\hero of dungeon_game008\sourcecode\debug\explosion.obj
c:\users\student\desktop\就職提出作品\hero of dungeon_game008\sourcecode\debug\fade.obj
c:\users\student\desktop\就職提出作品\hero of dungeon_game008\sourcecode\debug\fire_ball.obj
c:\users\student\desktop\就職提出作品\hero of dungeon_game008\sourcecode\debug\floor.obj
c:\users\student\desktop\就職提出作品\hero of dungeon_game008\sourcecode\debug\game01.obj
c:\users\student\desktop\就職提出作品\hero of dungeon_game008\sourcecode\debug\game02.obj
c:\users\student\desktop\就職提出作品\hero of dungeon_game008\sourcecode\debug\game03.obj
c:\users\student\desktop\就職提出作品\hero of dungeon_game008\sourcecode\debug\gauge.obj
c:\users\student\desktop\就職提出作品\hero of dungeon_game008\sourcecode\debug\guard_effect.obj
c:\users\student\desktop\就職提出作品\hero of dungeon_game008\sourcecode\debug\input.obj
c:\users\student\desktop\就職提出作品\hero of dungeon_game008\sourcecode\debug\input_keyboard.obj
c:\users\student\desktop\就職提出作品\hero of dungeon_game008\sourcecode\debug\input_mouse.obj
c:\users\student\desktop\就職提出作品\hero of dungeon_game008\sourcecode\debug\input_pad_d.obj
c:\users\student\desktop\就職提出作品\hero of dungeon_game008\sourcecode\debug\input_pad_x.obj
c:\users\student\desktop\就職提出作品\hero of dungeon_game008\sourcecode\debug\light.obj
c:\users\student\desktop\就職提出作品\hero of dungeon_game008\sourcecode\debug\magic_circle.obj
c:\users\student\desktop\就職提出作品\hero of dungeon_game008\sourcecode\debug\magic_fire.obj
c:\users\student\desktop\就職提出作品\hero of dungeon_game008\sourcecode\debug\magic_thunder.obj
c:\users\student\desktop\就職提出作品\hero of dungeon_game008\sourcecode\debug\main.obj
c:\users\student\desktop\就職提出作品\hero of dungeon_game008\sourcecode\debug\manager.obj
c:\users\student\desktop\就職提出作品\hero of dungeon_game008\sourcecode\debug\map.obj
c:\users\student\desktop\就職提出作品\hero of dungeon_game008\sourcecode\debug\menu.obj
c:\users\student\desktop\就職提出作品\hero of dungeon_game008\sourcecode\debug\meshfield.obj
c:\users\student\desktop\就職提出作品\hero of dungeon_game008\sourcecode\debug\meshsphere.obj
c:\users\student\desktop\就職提出作品\hero of dungeon_game008\sourcecode\debug\mesh_trajectory.obj
c:\users\student\desktop\就職提出作品\hero of dungeon_game008\sourcecode\debug\model.obj
c:\users\student\desktop\就職提出作品\hero of dungeon_game008\sourcecode\debug\model_single.obj
c:\users\student\desktop\就職提出作品\hero of dungeon_game008\sourcecode\debug\motion_enemy_bee.obj
c:\users\student\desktop\就職提出作品\hero of dungeon_game008\sourcecode\debug\motion_enemy_boss.obj
c:\users\student\desktop\就職提出作品\hero of dungeon_game008\sourcecode\debug\motion_enemy_fat.obj
c:\users\student\desktop\就職提出作品\hero of dungeon_game008\sourcecode\debug\motion_player.obj
c:\users\student\desktop\就職提出作品\hero of dungeon_game008\sourcecode\debug\motion_road.obj
c:\users\student\desktop\就職提出作品\hero of dungeon_game008\sourcecode\debug\number.obj
c:\users\student\desktop\就職提出作品\hero of dungeon_game008\sourcecode\debug\object.obj
c:\users\student\desktop\就職提出作品\hero of dungeon_game008\sourcecode\debug\object2d.obj
c:\users\student\desktop\就職提出作品\hero of dungeon_game008\sourcecode\debug\object3d.obj
c:\users\student\desktop\就職提出作品\hero of dungeon_game008\sourcecode\debug\pause.obj
c:\users\student\desktop\就職提出作品\hero of dungeon_game008\sourcecode\debug\player.obj
c:\users\student\desktop\就職提出作品\hero of dungeon_game008\sourcecode\debug\play_data.obj
c:\users\student\desktop\就職提出作品\hero of dungeon_game008\sourcecode\debug\ranking.obj
c:\users\student\desktop\就職提出作品\hero of dungeon_game008\sourcecode\debug\renderer.obj
c:\users\student\desktop\就職提出作品\hero of dungeon_game008\sourcecode\debug\result.obj
c:\users\student\desktop\就職提出作品\hero of dungeon_game008\sourcecode\debug\score.obj
c:\users\student\desktop\就職提出作品\hero of dungeon_game008\sourcecode\debug\shadow.obj
c:\users\student\desktop\就職提出作品\hero of dungeon_game008\sourcecode\debug\sound.obj
c:\users\student\desktop\就職提出作品\hero of dungeon_game008\sourcecode\debug\spark.obj
c:\users\student\desktop\就職提出作品\hero of dungeon_game008\sourcecode\debug\state_player.obj
c:\users\student\desktop\就職提出作品\hero of dungeon_game008\sourcecode\debug\state_player_nomal.obj
c:\users\student\desktop\就職提出作品\hero of dungeon_game008\sourcecode\debug\texture.obj
c:\users\student\desktop\就職提出作品\hero of dungeon_game008\sourcecode\debug\time.obj
c:\users\student\desktop\就職提出作品\hero of dungeon_game008\sourcecode\debug\title.obj
c:\users\student\desktop\就職提出作品\hero of dungeon_game008\sourcecode\debug\tutorial.obj
c:\users\student\desktop\就職提出作品\hero of dungeon_game008\sourcecode\debug\ui.obj
c:\users\student\desktop\就職提出作品\hero of dungeon_game008\sourcecode\debug\warp_circle.obj
c:\users\student\desktop\就職提出作品\hero of dungeon_game008\sourcecode\debug\x_load.obj
c:\users\student\desktop\就職提出作品\hero of dungeon_game008\sourcecode\debug\3dgame_11.08_ver_00.ilk
c:\users\student\desktop\就職提出作品\hero of dungeon_game008\sourcecode\debug\vc140.idb
c:\users\student\desktop\就職提出作品\hero of dungeon_game008\sourcecode\debug\3dgame_11.08_ver_00.pdb
c:\users\student\desktop\就職提出作品\hero of dungeon_game008\sourcecode\debug\vc140.pdb
c:\users\student\desktop\就職提出作品\hero of dungeon_game008\sourcecode\debug\3dgame_11.08_ver_00.exe
c:\users\student\desktop\就職提出作品\hero of dungeon_game008\sourcecode\debug\3dgame_1.087522fe.tlog\cl.command.1.tlog
c:\users\student\desktop\就職提出作品\hero of dungeon_game008\sourcecode\debug\3dgame_1.087522fe.tlog\cl.read.1.tlog
c:\users\student\desktop\就職提出作品\hero of dungeon_game008\sourcecode\debug\3dgame_1.087522fe.tlog\cl.write.1.tlog
c:\users\student\desktop\就職提出作品\hero of dungeon_game008\sourcecode\debug\3dgame_1.087522fe.tlog\link.command.1.tlog
c:\users\student\desktop\就職提出作品\hero of dungeon_game008\sourcecode\debug\3dgame_1.087522fe.tlog\link.read.1.tlog
c:\users\student\desktop\就職提出作品\hero of dungeon_game008\sourcecode\debug\3dgame_1.087522fe.tlog\link.write.1.tlog
