c:\users\student\desktop\就職提出作品\space destroyer_game006\saucecode\release\vc140.pdb
c:\users\student\desktop\就職提出作品\space destroyer_game006\saucecode\release\item.obj
c:\users\student\desktop\就職提出作品\space destroyer_game006\saucecode\release\input_pad_x.obj
c:\users\student\desktop\就職提出作品\space destroyer_game006\saucecode\release\input_keyboard.obj
c:\users\student\desktop\就職提出作品\space destroyer_game006\saucecode\release\input.obj
c:\users\student\desktop\就職提出作品\space destroyer_game006\saucecode\release\game01.obj
c:\users\student\desktop\就職提出作品\space destroyer_game006\saucecode\release\mover_fall_lower_left.obj
c:\users\student\desktop\就職提出作品\space destroyer_game006\saucecode\release\fade.obj
c:\users\student\desktop\就職提出作品\space destroyer_game006\saucecode\release\explosion.obj
c:\users\student\desktop\就職提出作品\space destroyer_game006\saucecode\release\enemy_ufo.obj
c:\users\student\desktop\就職提出作品\space destroyer_game006\saucecode\release\enemy_sphere.obj
c:\users\student\desktop\就職提出作品\space destroyer_game006\saucecode\release\enemy_item_speed.obj
c:\users\student\desktop\就職提出作品\space destroyer_game006\saucecode\release\enemy_item_power.obj
c:\users\student\desktop\就職提出作品\space destroyer_game006\saucecode\release\enemy_fighter.obj
c:\users\student\desktop\就職提出作品\space destroyer_game006\saucecode\release\enemy.obj
c:\users\student\desktop\就職提出作品\space destroyer_game006\saucecode\release\effect.obj
c:\users\student\desktop\就職提出作品\space destroyer_game006\saucecode\release\bullet_player.obj
c:\users\student\desktop\就職提出作品\space destroyer_game006\saucecode\release\bullet_enemy.obj
c:\users\student\desktop\就職提出作品\space destroyer_game006\saucecode\release\bullet.obj
c:\users\student\desktop\就職提出作品\space destroyer_game006\saucecode\release\boss.obj
c:\users\student\desktop\就職提出作品\space destroyer_game006\saucecode\release\bg.obj
c:\users\student\desktop\就職提出作品\space destroyer_game006\saucecode\release\scene.obj
c:\users\student\desktop\就職提出作品\space destroyer_game006\saucecode\release\result.obj
c:\users\student\desktop\就職提出作品\space destroyer_game006\saucecode\release\renderer.obj
c:\users\student\desktop\就職提出作品\space destroyer_game006\saucecode\release\ranking.obj
c:\users\student\desktop\就職提出作品\space destroyer_game006\saucecode\release\polygon.obj
c:\users\student\desktop\就職提出作品\space destroyer_game006\saucecode\release\play_data.obj
c:\users\student\desktop\就職提出作品\space destroyer_game006\saucecode\release\player.obj
c:\users\student\desktop\就職提出作品\space destroyer_game006\saucecode\release\number.obj
c:\users\student\desktop\就職提出作品\space destroyer_game006\saucecode\release\mover_right_stop_left.obj
c:\users\student\desktop\就職提出作品\space destroyer_game006\saucecode\release\mover_right_stop.obj
c:\users\student\desktop\就職提出作品\space destroyer_game006\saucecode\release\mover_left_stop_right.obj
c:\users\student\desktop\就職提出作品\space destroyer_game006\saucecode\release\mover_left_stop.obj
c:\users\student\desktop\就職提出作品\space destroyer_game006\saucecode\release\mover_fall_stop_rise.obj
c:\users\student\desktop\就職提出作品\space destroyer_game006\saucecode\release\mover_fall_random_right_left.obj
c:\users\student\desktop\就職提出作品\space destroyer_game006\saucecode\release\mover_fall_lower_right.obj
c:\users\student\desktop\就職提出作品\space destroyer_game006\saucecode\release\mover.obj
c:\users\student\desktop\就職提出作品\space destroyer_game006\saucecode\release\menu.obj
c:\users\student\desktop\就職提出作品\space destroyer_game006\saucecode\release\manager.obj
c:\users\student\desktop\就職提出作品\space destroyer_game006\saucecode\release\main.obj
c:\users\student\desktop\就職提出作品\space destroyer_game006\saucecode\release\life.obj
c:\users\student\desktop\就職提出作品\space destroyer_game006\saucecode\release\ui_rest.obj
c:\users\student\desktop\就職提出作品\space destroyer_game006\saucecode\release\ui_move.obj
c:\users\student\desktop\就職提出作品\space destroyer_game006\saucecode\release\ui.obj
c:\users\student\desktop\就職提出作品\space destroyer_game006\saucecode\release\tutorial.obj
c:\users\student\desktop\就職提出作品\space destroyer_game006\saucecode\release\title.obj
c:\users\student\desktop\就職提出作品\space destroyer_game006\saucecode\release\texture.obj
c:\users\student\desktop\就職提出作品\space destroyer_game006\saucecode\release\sound.obj
c:\users\student\desktop\就職提出作品\space destroyer_game006\saucecode\release\score.obj
c:\users\student\desktop\就職提出作品\space destroyer_game006\saucecode\release\scene2d.obj
c:\users\student\desktop\就職提出作品\space destroyer_game006\saucecode\release\2dshooting(c++)019.exe
c:\users\student\desktop\就職提出作品\space destroyer_game006\saucecode\release\2dshooting(c++)019.ipdb
c:\users\student\desktop\就職提出作品\space destroyer_game006\saucecode\release\2dshooting(c++)019.iobj
c:\users\student\desktop\就職提出作品\space destroyer_game006\saucecode\release\2dshooting(c++)019.pdb
c:\users\student\desktop\就職提出作品\space destroyer_game006\saucecode\release\2dshooti.fc2b1ae6.tlog\cl.command.1.tlog
c:\users\student\desktop\就職提出作品\space destroyer_game006\saucecode\release\2dshooti.fc2b1ae6.tlog\cl.read.1.tlog
c:\users\student\desktop\就職提出作品\space destroyer_game006\saucecode\release\2dshooti.fc2b1ae6.tlog\cl.write.1.tlog
c:\users\student\desktop\就職提出作品\space destroyer_game006\saucecode\release\2dshooti.fc2b1ae6.tlog\link.command.1.tlog
c:\users\student\desktop\就職提出作品\space destroyer_game006\saucecode\release\2dshooti.fc2b1ae6.tlog\link.read.1.tlog
c:\users\student\desktop\就職提出作品\space destroyer_game006\saucecode\release\2dshooti.fc2b1ae6.tlog\link.write.1.tlog
